/usr/bin/time build/guam-headless/guam-headless
22:44:17.016 INFO  main             START
22:44:17.016 INFO  main             entryName = GVWin
22:44:17.016 INFO  Setting          path  /Users/hasegawa/vscode-workplace/mesa-emulator-unix/build/run/setting.json
22:44:17.016 INFO  processor        stopAtMP  915
22:44:17.016 INFO  processor        stopAtMP 8000
22:44:17.016 INFO  guam             vmBits = 25  rmBits = 24
22:44:17.019 INFO  memory           reserveDisplayPage rp =   FEC0+A0
22:44:17.019 INFO  guam             Disk  /Users/hasegawa/vscode-workplace/mesa-emulator-unix/build/run/GVWIN.DSK
22:44:17.019 INFO  DiskFile         DiskFile::attach /Users/hasegawa/vscode-workplace/mesa-emulator-unix/build/run/GVWIN.DSK
22:44:17.019 INFO  Util             mapFile    0  size =  C800000  path = /Users/hasegawa/vscode-workplace/mesa-emulator-unix/build/run/GVWIN.DSK
22:44:17.019 INFO  guam             Floppy /Users/hasegawa/vscode-workplace/mesa-emulator-unix/build/run/floppy144
22:44:17.019 INFO  DiskFile         DiskFile::attach /Users/hasegawa/vscode-workplace/mesa-emulator-unix/build/run/floppy144
22:44:17.019 INFO  Util             mapFile    1  size =   168000  path = /Users/hasegawa/vscode-workplace/mesa-emulator-unix/build/run/floppy144
22:44:17.019 INFO  guam             networkInterfaceName = ens192
22:44:17.019 INFO  NetworkPacket_dummy NetworkPacket dummy
22:44:17.019 INFO  NetworkPacket_dummy name     = ens192
22:44:17.019 INFO  NetworkPacket_dummy protocol = 0x0600
22:44:17.019 INFO  Agent            Agent  1 Disk        fcb = 8020  16
22:44:17.019 INFO  AgentDisk        AGENT Disk  CHS = 12800  2 16  /Users/hasegawa/vscode-workplace/mesa-emulator-unix/build/run/GVWIN.DSK
22:44:17.019 INFO  Agent            Agent  2 Floppy      fcb = 8030  14
22:44:17.019 DEBUG AgentFloppy      AGENT Floppy  CHS =    80  2 18  /Users/hasegawa/vscode-workplace/mesa-emulator-unix/build/run/floppy144
22:44:17.019 INFO  Agent            Agent  3 Network     fcb = 803E  15
22:44:17.019 INFO  Agent            Agent  5 Keyboard    fcb = 804E   7
22:44:17.019 INFO  Agent            Agent  6 Beep        fcb = 8056   1
22:44:17.019 INFO  Agent            Agent  7 Mouse       fcb = 8058   7
22:44:17.019 INFO  Agent            Agent  8 Processor   fcb = 8060  14
22:44:17.019 INFO  Agent            Agent  9 Stream      fcb = 806E  12
22:44:17.019 INFO  Agent            Agent 12 Display     fcb = 807A  40
22:44:17.019 INFO  guam             Agent FCB  8000 80A2
22:44:17.019 INFO  guam             Boot  /Users/hasegawa/vscode-workplace/mesa-emulator-unix/build/run/NSINSTLR.DAT
22:44:17.019 INFO  Util             mapFile    2  size =    9B200  path = /Users/hasegawa/vscode-workplace/mesa-emulator-unix/build/run/NSINSTLR.DAT
22:44:17.019 INFO  StreamBoot       110 BOOT     /Users/hasegawa/vscode-workplace/mesa-emulator-unix/build/run/NSINSTLR.DAT
22:44:17.019 INFO  StreamCopyPaste  101 CopyPaste
22:44:17.019 INFO  StreamPCFA         1 PCFA    
22:44:17.019 INFO  StreamTCP         21 TCP     
22:44:17.019 INFO  StreamWWC        108 WWC     
22:44:17.019 INFO  guam             germ  path    = /Users/hasegawa/vscode-workplace/mesa-emulator-unix/build/run/GVWIN.GRM
22:44:17.019 INFO  Util             mapFile    3  size =     5000  path = /Users/hasegawa/vscode-workplace/mesa-emulator-unix/build/run/GVWIN.GRM
22:44:17.019 INFO  guam             germ  size = 40  0028
22:44:17.019 INFO  Util             unmapFile  3  size =     5000  path = /Users/hasegawa/vscode-workplace/mesa-emulator-unix/build/run/GVWIN.GRM
22:44:17.019 INFO  guam             bootDevice DISK
22:44:17.019 INFO  guam             bootSwitch = Oy{|}\200\346\347\350\377
22:44:17.019 INFO  guam             setSwitch O 117
22:44:17.019 INFO  guam             setSwitch y 171
22:44:17.019 INFO  guam             setSwitch { 173
22:44:17.019 INFO  guam             setSwitch | 174
22:44:17.019 INFO  guam             setSwitch } 175
22:44:17.019 INFO  guam             setSwitch ? 200
22:44:17.019 INFO  guam             setSwitch ? 346
22:44:17.019 INFO  guam             setSwitch ? 347
22:44:17.019 INFO  guam             setSwitch ? 350
22:44:17.019 INFO  guam             setSwitch ? 377
22:44:17.019 INFO  guam             boot START
22:44:17.019 INFO  guam             thread start   interrupt
22:44:17.019 INFO  guam             thread start   timer
22:44:17.019 INFO  guam             thread start   receive
22:44:17.019 INFO  timer            timer::run START
22:44:17.019 INFO  guam             thread start   transmit
22:44:17.019 INFO  interrupt        interrup::run START
22:44:17.019 INFO  guam             thread start   disk
22:44:17.019 INFO  AgentNetwork     AgentNetwork::TransmitThread::run START
22:44:17.019 INFO  guam             thread start   processor
22:44:17.019 INFO  AgentNetwork     AgentNetwork::ReceiveThread::run START
22:44:17.019 INFO  AgentDisk        AgentDisk::IOThread::run START
22:44:17.019 INFO  processor        processor::run START
22:44:17.020 INFO  processor        bootLink  0080 2 0000  00000202
22:44:17.019 INFO  guam             thread joining interrupt
22:44:17.020 INFO  processor        GFI = 001C  CB  = 00001208  GF  = 00000AB0
22:44:17.020 INFO  processor        LF  = 099C  PC  = 26E9      MDS = 00000000
22:44:17.020 INFO  Variable         MP 0900
22:44:17.036 INFO  Variable         MP 0910
22:44:17.036 INFO  Variable         MP 0920
22:44:17.036 INFO  AgentDisk        AGENT Disk start  0000
22:44:17.036 INFO  Variable         MP 0910
22:44:17.036 INFO  Variable         MP 0920
22:44:17.036 INFO  Variable         MP 0910
22:44:17.036 INFO  Variable         MP 0920
22:44:17.036 INFO  Variable         MP 0910
22:44:17.036 INFO  Variable         MP 0910
22:44:17.036 INFO  AgentDisk        AGENT Disk stop
22:44:17.036 INFO  Variable         MP 0920
22:44:17.036 INFO  AgentDisk        AGENT Disk start  0000
22:44:17.036 INFO  Variable         MP 0910
22:44:17.036 INFO  Variable         MP 0920
22:44:17.036 INFO  Variable         MP 0910
22:44:17.054 INFO  Variable         MP 0920
22:44:17.054 INFO  Variable         MP 0910
22:44:17.054 INFO  Variable         MP 0920
22:44:17.054 INFO  Variable         MP 0910
22:44:17.054 INFO  Variable         MP 0920
22:44:17.054 INFO  Variable         MP 0910
22:44:17.054 INFO  Variable         MP 0920
22:44:17.054 INFO  Variable         MP 0910
22:44:17.054 INFO  Variable         MP 0920
22:44:17.054 INFO  Variable         MP 0910
22:44:17.054 INFO  Variable         MP 0920
22:44:17.054 INFO  Variable         MP 0910
22:44:17.054 INFO  Variable         MP 0920
22:44:17.055 INFO  Variable         MP 0910
22:44:17.055 INFO  Variable         MP 0920
22:44:17.055 INFO  Variable         MP 0910
22:44:17.055 INFO  Variable         MP 0920
22:44:17.055 INFO  Variable         MP 0910
22:44:17.055 INFO  Variable         MP 0920
22:44:17.055 INFO  Variable         MP 0910
22:44:17.055 INFO  Variable         MP 0920
22:44:17.055 INFO  Variable         MP 0910
22:44:17.055 INFO  Variable         MP 0920
22:44:17.055 INFO  Variable         MP 0910
22:44:17.055 INFO  Variable         MP 0920
22:44:17.055 INFO  Variable         MP 0910
22:44:17.055 INFO  Variable         MP 0920
22:44:17.055 INFO  Variable         MP 0910
22:44:17.055 INFO  Variable         MP 0920
22:44:17.055 INFO  Variable         MP 0910
22:44:17.055 INFO  Variable         MP 0920
22:44:17.055 INFO  Variable         MP 0910
22:44:17.055 INFO  Variable         MP 0920
22:44:17.055 INFO  Variable         MP 0910
22:44:17.055 INFO  Variable         MP 0920
22:44:17.055 INFO  Variable         MP 0910
22:44:17.055 INFO  Variable         MP 0920
22:44:17.055 INFO  Variable         MP 0910
22:44:17.055 INFO  Variable         MP 0920
22:44:17.055 INFO  Variable         MP 0910
22:44:17.055 INFO  Variable         MP 0920
22:44:17.055 INFO  Variable         MP 0910
22:44:17.055 INFO  Variable         MP 0920
22:44:17.055 INFO  Variable         MP 0910
22:44:17.055 INFO  Variable         MP 0920
22:44:17.055 INFO  Variable         MP 0910
22:44:17.055 INFO  Variable         MP 0920
22:44:17.055 INFO  Variable         MP 0910
22:44:17.055 INFO  Variable         MP 0920
22:44:17.055 INFO  Variable         MP 0910
22:44:17.055 INFO  Variable         MP 0920
22:44:17.055 INFO  Variable         MP 0910
22:44:17.055 INFO  Variable         MP 0920
22:44:17.055 INFO  Variable         MP 0910
22:44:17.055 INFO  Variable         MP 0920
22:44:17.055 INFO  Variable         MP 0910
22:44:17.055 INFO  Variable         MP 0920
22:44:17.055 INFO  Variable         MP 0910
22:44:17.055 INFO  Variable         MP 0920
22:44:17.055 INFO  Variable         MP 0910
22:44:17.055 INFO  Variable         MP 0920
22:44:17.055 INFO  Variable         MP 0910
22:44:17.055 INFO  Variable         MP 0920
22:44:17.055 INFO  Variable         MP 0910
22:44:17.055 INFO  Variable         MP 0920
22:44:17.055 INFO  Variable         MP 0910
22:44:17.055 INFO  Variable         MP 0920
22:44:17.055 INFO  Variable         MP 0910
22:44:17.055 INFO  Variable         MP 0920
22:44:17.055 INFO  Variable         MP 0910
22:44:17.055 INFO  Variable         MP 0920
22:44:17.055 INFO  Variable         MP 0910
22:44:17.055 INFO  Variable         MP 0920
22:44:17.055 INFO  Variable         MP 0910
22:44:17.055 INFO  Variable         MP 0920
22:44:17.055 INFO  Variable         MP 0910
22:44:17.055 INFO  Variable         MP 0920
22:44:17.055 INFO  Variable         MP 0910
22:44:17.055 INFO  Variable         MP 0920
22:44:17.055 INFO  Variable         MP 0910
22:44:17.055 INFO  Variable         MP 0920
22:44:17.055 INFO  Variable         MP 0910
22:44:17.055 INFO  Variable         MP 0920
22:44:17.055 INFO  Variable         MP 0910
22:44:17.055 INFO  Variable         MP 0920
22:44:17.055 INFO  Variable         MP 0910
22:44:17.055 INFO  Variable         MP 0920
22:44:17.055 INFO  Variable         MP 0910
22:44:17.055 INFO  Variable         MP 0920
22:44:17.055 INFO  Variable         MP 0910
22:44:17.055 INFO  Variable         MP 0920
22:44:17.055 INFO  Variable         MP 0910
22:44:17.055 INFO  Variable         MP 0920
22:44:17.055 INFO  Variable         MP 0910
22:44:17.055 INFO  Variable         MP 0920
22:44:17.055 INFO  Variable         MP 0910
22:44:17.056 INFO  Variable         MP 0920
22:44:17.056 INFO  Variable         MP 0910
22:44:17.056 INFO  Variable         MP 0920
22:44:17.056 INFO  Variable         MP 0910
22:44:17.056 INFO  Variable         MP 0920
22:44:17.056 INFO  Variable         MP 0910
22:44:17.056 INFO  Variable         MP 0919
22:44:17.056 INFO  Variable         MP 0930
22:44:17.056 INFO  Variable         MP 0930
22:44:17.056 INFO  Variable         MP 0940
22:44:17.083 INFO  Variable         MP 0937
22:44:17.083 INFO  AgentNetwork     AGENT Network  start  0000 0000
22:44:17.087 INFO  AgentNetwork     AGENT Network  stop
22:44:17.087 INFO  AgentNetwork     AGENT Network  start  0000 0000
22:44:17.092 INFO  AgentNetwork     AGENT Network  stop
22:44:17.092 INFO  AgentNetwork     AGENT Network  start  0000 0000
22:44:17.096 INFO  AgentNetwork     AGENT Network  stop
22:44:17.096 INFO  AgentNetwork     AGENT Network  start  0000 0000
22:44:17.100 INFO  AgentNetwork     AGENT Network  stop
22:44:17.100 INFO  AgentNetwork     AGENT Network  start  0000 0000
22:44:17.105 INFO  AgentNetwork     AGENT Network  stop
22:44:17.105 INFO  AgentNetwork     AGENT Network  start  0000 0000
22:44:17.109 INFO  AgentNetwork     AGENT Network  stop
22:44:17.109 INFO  AgentNetwork     AGENT Network  start  0000 0000
22:44:17.113 INFO  AgentNetwork     AGENT Network  stop
22:44:17.113 INFO  AgentNetwork     AGENT Network  start  0000 0000
22:44:17.118 INFO  AgentNetwork     AGENT Network  stop
22:44:17.118 INFO  AgentNetwork     AGENT Network  start  0000 0000
22:44:17.122 INFO  AgentNetwork     AGENT Network  stop
22:44:17.122 INFO  Variable         MP 0940
22:44:17.122 INFO  AgentDisk        AGENT Disk stop
22:44:17.124 INFO  AgentDisk        AGENT Disk start  4000
22:44:17.125 INFO  Variable         MP 0940
22:44:17.125 INFO  Variable         MP 0960
22:44:17.228 INFO  Variable         MP 0970
22:44:17.245 INFO  Variable         MP 0980
22:44:17.245 INFO  AgentNetwork     AGENT Network  start  0400 0800
22:44:17.260 INFO  Variable         MP 0990
22:44:17.271 INFO  AgentStream      AGENT Stream start  0200
22:44:17.271 INFO  memory           mapDisplay    1A3F+A0    FEC0 160
22:44:17.277 INFO  Variable         MP 7600
22:44:17.281 INFO  Variable         MP 7600
22:44:19.043 INFO  Variable         MP 7700
22:44:19.067 INFO  StreamWWC        WWC      connect  mesaIsServer = 0  state mesa = 0  pc = 0
22:44:19.368 DEBUG Opcode_control   UnboundTrap 00000003
22:44:19.433 DEBUG Opcode_control   UnboundTrap 00000003
22:44:21.125 INFO  AgentFloppy      AGENT Floppy start
22:44:21.146 INFO  Variable         MP 7800
22:44:23.187 INFO  StreamPCFA       PCFA     connect  mesaIsServer = 0  state mesa = 0  pc = 0
22:44:24.921 INFO  Variable         MP 8000
22:44:24.921 INFO  processor        stop at MP 8000
22:44:24.921 INFO  processor        timer::stop
22:44:24.921 INFO  AgentNetwork     AgentNetwork::ReceiveThread::stop
22:44:24.921 INFO  AgentNetwork     AgentNetwork::TransmitThread::stop
22:44:24.921 INFO  AgentDisk        AgentDisk::IOThread::stop
22:44:24.921 INFO  timer            timer::stop
22:44:24.921 INFO  interrupt        interrupt::stop
22:44:24.921 INFO  processor        processor::run STOP
22:44:24.944 INFO  timer            TimerThread::run STOP
22:44:25.052 INFO  AgentNetwork     AgentNetwork::ReceiveThread::run STOP
22:44:25.585 INFO  AgentNetwork     AgentNetwork::TransmitThread::run STOP
22:44:25.920 INFO  interrupt        interrupt::run STOP
22:44:25.920 INFO  AgentDisk        AgentDisk::IOThread::run STOP
22:44:25.921 INFO  guam             thread joined  interrupt
22:44:25.921 INFO  guam             thread joining timer
22:44:25.921 INFO  guam             thread joined  timer
22:44:25.921 INFO  guam             thread joining receive
22:44:25.921 INFO  guam             thread joined  receive
22:44:25.921 INFO  guam             thread joining transmit
22:44:25.921 INFO  guam             thread joined  transmit
22:44:25.921 INFO  guam             thread joining disk
22:44:25.921 INFO  guam             thread joined  disk
22:44:25.921 INFO  guam             thread joining processor
22:44:25.921 INFO  guam             thread joined  processor
22:44:25.921 INFO  guam             boot STOP
22:44:25.921 INFO  DiskFile         DiskFile::detach /Users/hasegawa/vscode-workplace/mesa-emulator-unix/build/run/GVWIN.DSK
22:44:25.921 INFO  Util             unmapFile  0  size =  C800000  path = /Users/hasegawa/vscode-workplace/mesa-emulator-unix/build/run/GVWIN.DSK
22:44:25.923 INFO  DiskFile         DiskFile::detach /Users/hasegawa/vscode-workplace/mesa-emulator-unix/build/run/floppy144
22:44:25.923 INFO  Util             unmapFile  1  size =   168000  path = /Users/hasegawa/vscode-workplace/mesa-emulator-unix/build/run/floppy144
22:44:25.933 INFO  Perf             memory::Fetch                     =  65,273,111
22:44:25.933 INFO  Perf             memory::Store                     =  12,604,107
22:44:25.933 INFO  Perf             memory::ReadDbl                   =  33,616,865
22:44:25.933 INFO  Perf             memory::FetchMds                  = 240,794,026
22:44:25.933 INFO  Perf             memory::StoreMds                  = 137,323,308
22:44:25.933 INFO  Perf             memory::ReadDblMds                =  23,732,867
22:44:25.933 INFO  Perf             memory::GetCodeByte               = 779,812,876
22:44:25.933 INFO  Perf             memory::GetCodeWord               =  12,270,441
22:44:25.933 INFO  Perf             memory::FetchByte                 =   9,244,868
22:44:25.933 INFO  Perf             memory::StoreByte                 =   1,219,872
22:44:25.933 INFO  Perf             memory::ReadField                 =   4,844,658
22:44:25.933 INFO  Perf             memory::WriteField                =   4,480,276
22:44:25.933 INFO  Perf             memory::WriteMap                  =     452,110
22:44:25.933 INFO  Perf             memory::GetAddress                =      32,608
22:44:25.933 INFO  Perf             memory::FetchPda                  =   1,251,937
22:44:25.933 INFO  Perf             memory::StorePda                  =     528,816
22:44:25.933 INFO  Perf             memory::FetchPage                 =      13,818
22:44:25.933 INFO  Perf             memory::StorePage                 =       7,930
22:44:25.934 INFO  Perf             opcode::Dispatch                  =           0
22:44:25.934 INFO  Perf             opcode::FrameFault                =         401
22:44:25.934 INFO  Perf             opcode::PageFault                 =       3,055
22:44:25.934 INFO  Perf             opcode::CodeTrap                  =         362
22:44:25.934 INFO  Perf             opcode::EscOpcodeTrap             =      41,791
22:44:25.934 INFO  Perf             opcode::OpcodeTrap                =           0
22:44:25.934 INFO  Perf             opcode::UnboundTrap               =           2
22:44:25.934 INFO  Perf             running::start                    =       5,621
22:44:25.934 INFO  Perf             running::stop                     =       5,620
22:44:25.934 INFO  Perf             interrupt::notify                 =       5,864
22:44:25.934 INFO  Perf             interrupt::wakeup                 =       5,808
22:44:25.934 INFO  Perf             interrupt::interrupt              =       5,806
22:44:25.934 INFO  Perf             interrupt::request                =       5,805
22:44:25.934 INFO  Perf             timer::timer                      =         198
22:44:25.934 INFO  Perf             timer::timeout                    =         197
22:44:25.934 INFO  Perf             timer::updatePTC                  =         197
22:44:25.934 INFO  Perf             processor::abort                  =      45,611
22:44:25.934 INFO  Perf             processor::requestReschedule      =       5,971
22:44:25.934 INFO  Perf             processor::needReschedule         =       5,965
22:44:25.934 INFO  Perf             processor::checkRequestReschedule =  72,146,735
22:44:25.934 INFO  Perf             processor::rescheduleRequest      =         350
22:44:25.934 INFO  Perf             processor::interruptFlag          =       5,804
22:44:25.934 INFO  Perf             processor::interrupt              =       5,803
22:44:25.934 INFO  Perf             processor::timerFlag              =         197
22:44:25.934 INFO  Perf             processor::timer                  =         192
22:44:25.934 INFO  Perf             processor::running                =         350
22:44:25.934 INFO  Perf             network::transmit                 =          20
22:44:25.934 INFO  Perf             network::wait_for                 =          24
22:44:25.934 INFO  Perf             network::receive                  =           0
22:44:25.934 INFO  Perf             network::select                   =           8
22:44:25.934 INFO  Perf             disk::process                     =       5,842
22:44:25.934 INFO  Perf             disk::read                        =       5,345
22:44:25.934 INFO  Perf             disk::write                       =         496
22:44:25.934 INFO  Perf             disk::verify                      =           1
22:44:25.934 INFO  memory           PageCache 11912 / 65536  1,317,456,619  100.00%   miss empty 21,748  conflict 0
22:44:25.934 INFO  main             elapsedTime = 8902 msec
22:44:25.934 INFO  main             STOP
        8.92 real         4.33 user         0.07 sys
macstudio2023:mesa-emulator-unix hasegawa$ 
